\BOOKMARK [1][-]{section.1}{\376\377\173\054\000\040\000i\000\040\172\340}{}% 1
\BOOKMARK [2][-]{subsection.1.1}{\376\377\145\160\164\006\220\073\217\221}{section.1}% 2
\BOOKMARK [3][-]{subsubsection.1.1.1}{\376\377\124\175\230\230\220\073\217\221}{subsection.1.1}% 3
\BOOKMARK [3][-]{subsubsection.1.1.2}{\376\377\214\023\213\315\220\073\217\221}{subsection.1.1}% 4
\BOOKMARK [3][-]{subsubsection.1.1.3}{\376\377\143\250\164\006\116\016\213\272\213\301}{subsection.1.1}% 5
\BOOKMARK [1][-]{section.2}{\376\377\173\054\000\040\000i\000i\000\040\172\340}{}% 6
\BOOKMARK [2][-]{subsection.2.1}{\376\377\226\306\124\010}{section.2}% 7
\BOOKMARK [3][-]{subsubsection.2.1.1}{\376\377\226\306\124\010\166\204\217\320\173\227}{subsection.2.1}% 8
\BOOKMARK [3][-]{subsubsection.2.1.2}{\376\377\226\306\124\010\166\204\122\022\122\006\124\214\211\206\166\326}{subsection.2.1}% 9
\BOOKMARK [3][-]{subsubsection.2.1.3}{\376\377\127\372\147\054\213\241\145\160\123\237\164\006}{subsection.2.1}% 10
\BOOKMARK [2][-]{subsection.2.2}{\376\377\121\375\145\160}{section.2}% 11
\BOOKMARK [2][-]{subsection.2.3}{\376\377\136\217\122\027\124\214\154\102\124\214}{section.2}% 12
\BOOKMARK [3][-]{subsubsection.2.3.1}{\376\377\136\217\122\027}{subsection.2.3}% 13
\BOOKMARK [2][-]{subsection.2.4}{\376\377\226\306\124\010\166\204\127\372\145\160}{section.2}% 14
\BOOKMARK [2][-]{subsection.2.5}{\376\377\167\351\226\065}{section.2}% 15
\BOOKMARK [1][-]{section.3}{\376\377\173\054\000\040\000i\000x\000\040\172\340}{}% 16
\BOOKMARK [2][-]{subsection.3.1}{\376\377\121\163\174\373\123\312\121\166\140\047\215\050}{section.3}% 17
\BOOKMARK [2][-]{subsection.3.2}{\376\377\121\163\174\373\166\204\217\320\173\227}{section.3}% 18
\BOOKMARK [3][-]{subsubsection.3.2.1}{\376\377\121\163\174\373\166\204\127\372\147\054\174\173\127\213}{subsection.3.2}% 19
\BOOKMARK [2][-]{subsection.3.3}{\376\377\121\163\174\373\166\204\225\355\123\005}{section.3}% 20
\BOOKMARK [2][-]{subsection.3.4}{\376\377\173\111\116\367\121\163\174\373\124\214\173\111\116\367\174\173}{section.3}% 21
\BOOKMARK [2][-]{subsection.3.5}{\376\377\166\370\133\271\121\163\174\373}{section.3}% 22
\BOOKMARK [2][-]{subsection.3.6}{\376\377\136\217\121\163\174\373}{section.3}% 23
